{
  "RSpec": {
    "coverage": {
      "/Users/bengittins/Projects/Makers/final_project/technodactyl-studios-dinorun/config/environment.rb": {
        "lines": [
          null,
          1,
          null,
          null,
          1
        ]
      },
      "/Users/bengittins/Projects/Makers/final_project/technodactyl-studios-dinorun/config/application.rb": {
        "lines": [
          1,
          null,
          1,
          null,
          null,
          null,
          1,
          null,
          1,
          1,
          null,
          1,
          null,
          null,
          null,
          null,
          null,
          null,
          null
        ]
      },
      "/Users/bengittins/Projects/Makers/final_project/technodactyl-studios-dinorun/config/boot.rb": {
        "lines": [
          1,
          null,
          1,
          1
        ]
      },
      "/Users/bengittins/Projects/Makers/final_project/technodactyl-studios-dinorun/config/environments/test.rb": {
        "lines": [
          null,
          null,
          null,
          null,
          null,
          1,
          null,
          null,
          1,
          null,
          null,
          null,
          null,
          1,
          null,
          null,
          1,
          1,
          null,
          null,
          null,
          null,
          1,
          1,
          1,
          null,
          null,
          1,
          null,
          null,
          1,
          null,
          null,
          1,
          null,
          1,
          null,
          null,
          null,
          null,
          1,
          null,
          null,
          1,
          null,
          null,
          null,
          null
        ]
      },
      "/Users/bengittins/Projects/Makers/final_project/technodactyl-studios-dinorun/config/initializers/application_controller_renderer.rb": {
        "lines": [
          null,
          null,
          null,
          null,
          null,
          null,
          null,
          null
        ]
      },
      "/Users/bengittins/Projects/Makers/final_project/technodactyl-studios-dinorun/config/initializers/assets.rb": {
        "lines": [
          null,
          null,
          null,
          1,
          null,
          null,
          null,
          null,
          1,
          null,
          null,
          null,
          null,
          null
        ]
      },
      "/Users/bengittins/Projects/Makers/final_project/technodactyl-studios-dinorun/config/initializers/backtrace_silencers.rb": {
        "lines": [
          null,
          null,
          null,
          null,
          null,
          null,
          null
        ]
      },
      "/Users/bengittins/Projects/Makers/final_project/technodactyl-studios-dinorun/config/initializers/content_security_policy.rb": {
        "lines": [
          null,
          null,
          null,
          null,
          null,
          null,
          null,
          null,
          null,
          null,
          null,
          null,
          null,
          null,
          null,
          null,
          null,
          null,
          null,
          null,
          null,
          null,
          null,
          null,
          null,
          null,
          null,
          null,
          null,
          null
        ]
      },
      "/Users/bengittins/Projects/Makers/final_project/technodactyl-studios-dinorun/config/initializers/cookies_serializer.rb": {
        "lines": [
          null,
          null,
          null,
          null,
          1
        ]
      },
      "/Users/bengittins/Projects/Makers/final_project/technodactyl-studios-dinorun/config/initializers/filter_parameter_logging.rb": {
        "lines": [
          null,
          null,
          null,
          1
        ]
      },
      "/Users/bengittins/Projects/Makers/final_project/technodactyl-studios-dinorun/config/initializers/inflections.rb": {
        "lines": [
          null,
          null,
          null,
          null,
          null,
          null,
          null,
          null,
          null,
          null,
          null,
          null,
          null,
          null,
          null,
          null
        ]
      },
      "/Users/bengittins/Projects/Makers/final_project/technodactyl-studios-dinorun/config/initializers/mime_types.rb": {
        "lines": [
          null,
          null,
          null,
          null
        ]
      },
      "/Users/bengittins/Projects/Makers/final_project/technodactyl-studios-dinorun/config/initializers/wrap_parameters.rb": {
        "lines": [
          null,
          null,
          null,
          null,
          null,
          null,
          1,
          2,
          null,
          null,
          null,
          null,
          null,
          null
        ]
      },
      "/Users/bengittins/Projects/Makers/final_project/technodactyl-studios-dinorun/config/routes.rb": {
        "lines": [
          1,
          null,
          1,
          null,
          null,
          4,
          null,
          11,
          6,
          2,
          null,
          13,
          1,
          1,
          null,
          null,
          1,
          1,
          null,
          null
        ]
      },
      "/Users/bengittins/Projects/Makers/final_project/technodactyl-studios-dinorun/app/helpers/application_helper.rb": {
        "lines": [
          1,
          null
        ]
      },
      "/Users/bengittins/Projects/Makers/final_project/technodactyl-studios-dinorun/app/helpers/homepage_helper.rb": {
        "lines": [
          1,
          null
        ]
      },
      "/Users/bengittins/Projects/Makers/final_project/technodactyl-studios-dinorun/app/helpers/jasmine_helper.rb": {
        "lines": [
          1,
          null
        ]
      },
      "/Users/bengittins/Projects/Makers/final_project/technodactyl-studios-dinorun/app/helpers/session_helper.rb": {
        "lines": [
          1,
          null
        ]
      },
      "/Users/bengittins/Projects/Makers/final_project/technodactyl-studios-dinorun/app/helpers/songs_helper.rb": {
        "lines": [
          1,
          null
        ]
      },
      "/Users/bengittins/Projects/Makers/final_project/technodactyl-studios-dinorun/app/helpers/user_helper.rb": {
        "lines": [
          1,
          null
        ]
      },
      "/Users/bengittins/Projects/Makers/final_project/technodactyl-studios-dinorun/app/controllers/jasmine_controller.rb": {
        "lines": [
          1,
          1,
          1,
          null,
          1,
          null
        ]
      },
      "/Users/bengittins/Projects/Makers/final_project/technodactyl-studios-dinorun/app/controllers/application_controller.rb": {
        "lines": [
          1,
          1,
          null,
          1,
          null,
          null,
          1,
          null,
          1,
          null,
          1,
          0,
          null,
          null,
          1,
          43,
          null,
          null,
          1,
          43,
          0,
          null,
          null,
          null
        ]
      },
      "/Users/bengittins/Projects/Makers/final_project/technodactyl-studios-dinorun/spec/controllers/session_controller_spec.rb": {
        "lines": [
          1,
          null,
          1,
          null,
          null
        ]
      },
      "/Users/bengittins/Projects/Makers/final_project/technodactyl-studios-dinorun/app/controllers/session_controller.rb": {
        "lines": [
          1,
          1,
          null,
          null,
          1,
          10,
          null,
          null,
          1,
          null,
          5,
          5,
          4,
          4,
          4,
          null,
          1,
          null,
          null,
          null,
          1,
          null,
          1,
          1,
          null,
          null,
          1,
          null,
          1,
          9,
          null,
          null
        ]
      },
      "/Users/bengittins/Projects/Makers/final_project/technodactyl-studios-dinorun/spec/features/can_upload_song_spec.rb": {
        "lines": [
          1,
          null,
          1,
          1,
          1,
          1,
          1,
          1,
          1,
          1,
          1,
          1,
          1,
          1,
          1,
          1,
          1,
          1,
          null,
          null
        ]
      },
      "/Users/bengittins/Projects/Makers/final_project/technodactyl-studios-dinorun/spec/features/login_spec.rb": {
        "lines": [
          1,
          null,
          1,
          1,
          1,
          1,
          1,
          1,
          null,
          null,
          1,
          1,
          1,
          1,
          1,
          1,
          1,
          1,
          null,
          null,
          1,
          1,
          1,
          1,
          1,
          1,
          1,
          null,
          null,
          1,
          1,
          1,
          1,
          1,
          1,
          1,
          null,
          1,
          1,
          1,
          null,
          null
        ]
      },
      "/Users/bengittins/Projects/Makers/final_project/technodactyl-studios-dinorun/spec/features/logout_spec.rb": {
        "lines": [
          1,
          null,
          1,
          1,
          1,
          1,
          1,
          1,
          1,
          1,
          1,
          null,
          1,
          1,
          null,
          null
        ]
      },
      "/Users/bengittins/Projects/Makers/final_project/technodactyl-studios-dinorun/spec/features/signup_spec.rb": {
        "lines": [
          1,
          null,
          1,
          null,
          1,
          1,
          1,
          1,
          1,
          null,
          null,
          1,
          1,
          1,
          1,
          1,
          1,
          1,
          1,
          1,
          null,
          null,
          1,
          1,
          1,
          1,
          1,
          1,
          1,
          1,
          null,
          null,
          1,
          1,
          1,
          1,
          1,
          1,
          1,
          1,
          1,
          1,
          1,
          null,
          null
        ]
      },
      "/Users/bengittins/Projects/Makers/final_project/technodactyl-studios-dinorun/spec/helpers/session_helper_spec.rb": {
        "lines": [
          1,
          null,
          null,
          null,
          null,
          null,
          null,
          null,
          null,
          null,
          null,
          null,
          1,
          null
        ]
      },
      "/Users/bengittins/Projects/Makers/final_project/technodactyl-studios-dinorun/app/models/user.rb": {
        "lines": [
          1,
          1,
          null,
          1,
          null,
          null,
          null,
          null,
          1,
          null,
          1,
          null,
          null,
          null,
          1,
          null,
          null,
          null,
          null
        ]
      },
      "/Users/bengittins/Projects/Makers/final_project/technodactyl-studios-dinorun/app/models/application_record.rb": {
        "lines": [
          null,
          1,
          1,
          null
        ]
      },
      "/Users/bengittins/Projects/Makers/final_project/technodactyl-studios-dinorun/app/controllers/homepage_controller.rb": {
        "lines": [
          1,
          1,
          null,
          null,
          1,
          10,
          10,
          null,
          null
        ]
      },
      "/Users/bengittins/Projects/Makers/final_project/technodactyl-studios-dinorun/app/models/song.rb": {
        "lines": [
          1,
          1,
          1,
          null
        ]
      },
      "/Users/bengittins/Projects/Makers/final_project/technodactyl-studios-dinorun/app/controllers/songs_controller.rb": {
        "lines": [
          1,
          1,
          1,
          null,
          null,
          1,
          12,
          12,
          null,
          null,
          null,
          1,
          0,
          null,
          null,
          null,
          null,
          1,
          2,
          2,
          2,
          null,
          2,
          2,
          2,
          2,
          null,
          null,
          null,
          1,
          null,
          1,
          0,
          null,
          null,
          null,
          1,
          2,
          null,
          null
        ]
      },
      "/Users/bengittins/Projects/Makers/final_project/technodactyl-studios-dinorun/app/controllers/user_controller.rb": {
        "lines": [
          1,
          1,
          null,
          1,
          3,
          3,
          2,
          2,
          2,
          null,
          1,
          null,
          null,
          null,
          1,
          null,
          1,
          3,
          null,
          null
        ]
      }
    },
    "timestamp": 1583755750
  }
}
